<?xml version="1.0" encoding="UTF-8"?>
<!-- Generated by org.testng.reporters.JUnitReportReporter -->
<testsuite hostname="HUASUO" name="openbaidu.openbaidu" tests="1" failures="0" timestamp="18 Mar 2019 01:08:44 GMT" time="83.307" errors="0">
  <testcase name="openbaidu" time="83.307" classname="openbaidu.openbaidu"/>
</testsuite> <!-- openbaidu.openbaidu -->
