<?xml version="1.0" encoding="UTF-8"?>
<!-- Generated by org.testng.reporters.JUnitReportReporter -->
<testsuite hostname="HUASUO" name="openbaidu.NewTest" tests="1" failures="0" timestamp="18 Mar 2019 01:33:27 GMT" time="0.005" errors="0">
  <testcase name="f" time="0.005" classname="openbaidu.NewTest"/>
</testsuite> <!-- openbaidu.NewTest -->
